<?xml version="1.0" encoding="UTF-8"?>
<!-- Generated by org.testng.reporters.JUnitReportReporter -->
<testsuite hostname="UTKARSH" failures="0" tests="3" name="testcases.Serachtestcase" time="67.502" errors="0" timestamp="2026-06-03T14:05:39 IST" skipped="0">
  <testcase classname="testcases.Serachtestcase" name="verifySearchWithValidKeyword" time="19.646"/>
  <testcase classname="testcases.Serachtestcase" name="verifySearchWithInvalidKeyword" time="20.696"/>
  <testcase classname="testcases.Serachtestcase" name="verifyProductDetailsPage" time="27.160"/>
</testsuite> <!-- testcases.Serachtestcase -->
