<?xml version="1.0" encoding="UTF-8"?>
<!-- Generated by org.testng.reporters.JUnitReportReporter -->
<testsuite hostname="UTKARSH" failures="0" tests="4" name="testcases.Carttestcase" time="152.711" errors="0" timestamp="2026-06-03T13:53:13 IST" skipped="0">
  <testcase classname="testcases.Carttestcase" name="verifyAddProductToCart" time="51.336"/>
  <testcase classname="testcases.Carttestcase" name="verifyUpdateQuantityInCart" time="34.118"/>
  <testcase classname="testcases.Carttestcase" name="verifyCartTotal" time="30.565"/>
  <testcase classname="testcases.Carttestcase" name="verifyRemoveItemFromCart" time="36.692"/>
</testsuite> <!-- testcases.Carttestcase -->
