<?xml version="1.0" encoding="UTF-8"?>
<!-- Generated by org.testng.reporters.JUnitReportReporter -->
<testsuite hostname="UTKARSH" failures="0" tests="22" name="com.nopcommerce.runners.runner" time="1057.642" errors="0" timestamp="2026-06-05T12:09:03 IST" skipped="0">
  <testcase classname="com.nopcommerce.runners.runner" name="runScenario" time="69.703"/>
  <testcase classname="com.nopcommerce.runners.runner" name="runScenario" time="75.156"/>
  <testcase classname="com.nopcommerce.runners.runner" name="runScenario" time="40.375"/>
  <testcase classname="com.nopcommerce.runners.runner" name="runScenario" time="60.809"/>
  <testcase classname="com.nopcommerce.runners.runner" name="runScenario" time="46.494"/>
  <testcase classname="com.nopcommerce.runners.runner" name="runScenario" time="33.245"/>
  <testcase classname="com.nopcommerce.runners.runner" name="runScenario" time="42.239"/>
  <testcase classname="com.nopcommerce.runners.runner" name="runScenario" time="36.509"/>
  <testcase classname="com.nopcommerce.runners.runner" name="runScenario" time="46.521"/>
  <testcase classname="com.nopcommerce.runners.runner" name="runScenario" time="46.101"/>
  <testcase classname="com.nopcommerce.runners.runner" name="runScenario" time="36.584"/>
  <testcase classname="com.nopcommerce.runners.runner" name="runScenario" time="52.815"/>
  <testcase classname="com.nopcommerce.runners.runner" name="runScenario" time="39.839"/>
  <testcase classname="com.nopcommerce.runners.runner" name="runScenario" time="45.542"/>
  <testcase classname="com.nopcommerce.runners.runner" name="runScenario" time="41.302"/>
  <testcase classname="com.nopcommerce.runners.runner" name="runScenario" time="50.691"/>
  <testcase classname="com.nopcommerce.runners.runner" name="runScenario" time="44.440"/>
  <testcase classname="com.nopcommerce.runners.runner" name="runScenario" time="39.139"/>
  <testcase classname="com.nopcommerce.runners.runner" name="runScenario" time="36.221"/>
  <testcase classname="com.nopcommerce.runners.runner" name="runScenario" time="47.489"/>
  <testcase classname="com.nopcommerce.runners.runner" name="runScenario" time="41.141"/>
  <testcase classname="com.nopcommerce.runners.runner" name="runScenario" time="85.287"/>
</testsuite> <!-- com.nopcommerce.runners.runner -->
