<?xml version="1.0" encoding="UTF-8"?>
<!-- Generated by org.testng.reporters.JUnitReportReporter -->
<testsuite hostname="UTKARSH" failures="0" tests="3" name="testcases.Wishlisttestcase" time="94.449" errors="0" timestamp="2026-06-03T14:07:26 IST" skipped="0">
  <testcase classname="testcases.Wishlisttestcase" name="verifyAddProductToWishlist" time="42.933"/>
  <testcase classname="testcases.Wishlisttestcase" name="verifyRemoveProductFromWishlist" time="35.481"/>
  <testcase classname="testcases.Wishlisttestcase" name="verifyWishlistPage" time="16.035"/>
</testsuite> <!-- testcases.Wishlisttestcase -->
