<?xml version="1.0" encoding="UTF-8"?>
<!-- Generated by org.testng.reporters.JUnitReportReporter -->
<testsuite hostname="UTKARSH" failures="0" tests="4" name="testcases.Logintestcase" time="117.249" errors="0" timestamp="2026-06-03T14:01:46 IST" skipped="0">
  <testcase classname="testcases.Logintestcase" name="verifyValidLogin" time="27.505"/>
  <testcase classname="testcases.Logintestcase" name="verifyInvalidLogin" time="27.781"/>
  <testcase classname="testcases.Logintestcase" name="verifyForgotPasswordFunctionality" time="29.619"/>
  <testcase classname="testcases.Logintestcase" name="verifyLogoutFunctionality" time="32.344"/>
</testsuite> <!-- testcases.Logintestcase -->
