<?xml version="1.0" encoding="UTF-8"?>
<!-- Generated by org.testng.reporters.JUnitReportReporter -->
<testsuite hostname="UTKARSH" failures="0" tests="4" name="testcases.registrationtestcase" time="76.178" errors="0" timestamp="2026-06-03T13:59:05 IST" skipped="0">
  <testcase classname="testcases.registrationtestcase" name="verifyValidRegistration" time="16.502"/>
  <testcase classname="testcases.registrationtestcase" name="verifyRegistrationWithExistingEmail" time="14.929"/>
  <testcase classname="testcases.registrationtestcase" name="verifyMandatoryFieldValidation" time="28.811"/>
  <testcase classname="testcases.registrationtestcase" name="verifySuccessfulRegistrationMessage" time="15.936"/>
</testsuite> <!-- testcases.registrationtestcase -->
